<?xml version="1.0" encoding="UTF-8"?>
<!-- Generated by org.testng.reporters.JUnitXMLReporter -->
<testsuite ignored="1" hostname="DESKTOP-LVQ2QQ2" failures="0" tests="1" name="Default test" time="21.456" errors="0" timestamp="2023-12-17T01:09:51 ICT">
  <testcase classname="automation.testsuite.Day17_Homework" name="handleIFrame_MediaMart" time="17.243"/>
  <testcase classname="automation.testsuite.Day17_Homework" name="verifyChatZalo" time="0.0">
    <ignored/>
  </testcase> <!-- verifyChatZalo -->
</testsuite> <!-- Default test -->
