<?xml version="1.0" encoding="UTF-8"?>
<!-- Generated by org.testng.reporters.JUnitXMLReporter -->
<testsuite ignored="0" hostname="DESKTOP-LVQ2QQ2" failures="0" tests="2" name="Default test" time="29.246" errors="0" timestamp="2023-12-12T20:11:09 ICT">
  <testcase classname="automation.testsuite.Day16_Homework" name="Alada_ChangePasswordSuccessfully" time="15.294"/>
  <testcase classname="automation.testsuite.Day16_Homework" name="SeleniumPractice_AlertDemo" time="13.234"/>
</testsuite> <!-- Default test -->
