<?xml version="1.0" encoding="UTF-8"?>
<!-- Generated by org.testng.reporters.JUnitXMLReporter -->
<testsuite ignored="0" hostname="DESKTOP-LVQ2QQ2" failures="0" tests="2" name="Test with chrome driver" time="35.968" errors="0" timestamp="2023-12-20T16:14:46 ICT">
  <testcase classname="automation.testsuite.Day18_Homework_Ex1" name="testZaloConnectFuntion" time="2.634"/>
  <testcase classname="automation.testsuite.Day18_Homework_Ex2" name="testFuntion_ChatNgayVoiChungToi" time="23.211"/>
</testsuite> <!-- Test with chrome driver -->
