<?xml version="1.0" encoding="UTF-8"?>
<!-- Generated by org.testng.reporters.JUnitXMLReporter -->
<testsuite ignored="0" hostname="DESKTOP-LVQ2QQ2" failures="0" tests="2" name="Test with edge driver" time="35.464" errors="0" timestamp="2023-12-20T16:16:00 ICT">
  <testcase classname="automation.testsuite.Day18_Homework_Ex1" name="testZaloConnectFuntion" time="2.276"/>
  <testcase classname="automation.testsuite.Day18_Homework_Ex2" name="testFuntion_ChatNgayVoiChungToi" time="20.444"/>
</testsuite> <!-- Test with edge driver -->
