<?xml version="1.0" encoding="UTF-8"?>
<!-- Generated by org.testng.reporters.JUnitXMLReporter -->
<testsuite ignored="0" hostname="DESKTOP-LVQ2QQ2" failures="0" tests="2" name="Test with firefox driver" time="37.624" errors="0" timestamp="2023-12-20T16:15:24 ICT">
  <testcase classname="automation.testsuite.Day18_Homework_Ex1" name="testZaloConnectFuntion" time="2.806"/>
  <testcase classname="automation.testsuite.Day18_Homework_Ex2" name="testFuntion_ChatNgayVoiChungToi" time="20.508"/>
</testsuite> <!-- Test with firefox driver -->
