<?xml version="1.0" encoding="UTF-8"?>
<testng-results ignored="0" total="2" passed="2" failed="0" skipped="0">
  <reporter-output>
  </reporter-output>
  <suite started-at="2023-12-12T20:10:40 ICT" name="Default suite" finished-at="2023-12-12T20:11:09 ICT" duration-ms="29246">
    <groups>
    </groups>
    <test started-at="2023-12-12T20:10:40 ICT" name="Default test" finished-at="2023-12-12T20:11:09 ICT" duration-ms="29246">
      <class name="automation.testsuite.Day16_Homework">
        <test-method is-config="true" signature="openChrome()[pri:0, instance:automation.testsuite.Day16_Homework@57cf54e1]" started-at="2023-12-12T20:10:40 ICT" name="openChrome" finished-at="2023-12-12T20:10:40 ICT" duration-ms="4" status="PASS">
          <reporter-output>
          </reporter-output>
        </test-method> <!-- openChrome -->
        <test-method signature="Alada_ChangePasswordSuccessfully()[pri:1, instance:automation.testsuite.Day16_Homework@57cf54e1]" started-at="2023-12-12T20:10:40 ICT" name="Alada_ChangePasswordSuccessfully" finished-at="2023-12-12T20:10:55 ICT" duration-ms="15294" status="PASS">
          <reporter-output>
          </reporter-output>
        </test-method> <!-- Alada_ChangePasswordSuccessfully -->
        <test-method is-config="true" signature="closeChrome()[pri:0, instance:automation.testsuite.Day16_Homework@57cf54e1]" started-at="2023-12-12T20:10:55 ICT" name="closeChrome" finished-at="2023-12-12T20:10:55 ICT" duration-ms="214" status="PASS">
          <reporter-output>
          </reporter-output>
        </test-method> <!-- closeChrome -->
        <test-method is-config="true" signature="openChrome()[pri:0, instance:automation.testsuite.Day16_Homework@57cf54e1]" started-at="2023-12-12T20:10:55 ICT" name="openChrome" finished-at="2023-12-12T20:10:55 ICT" duration-ms="0" status="PASS">
          <reporter-output>
          </reporter-output>
        </test-method> <!-- openChrome -->
        <test-method signature="SeleniumPractice_AlertDemo()[pri:2, instance:automation.testsuite.Day16_Homework@57cf54e1]" started-at="2023-12-12T20:10:55 ICT" name="SeleniumPractice_AlertDemo" finished-at="2023-12-12T20:11:09 ICT" duration-ms="13234" status="PASS">
          <reporter-output>
          </reporter-output>
        </test-method> <!-- SeleniumPractice_AlertDemo -->
        <test-method is-config="true" signature="closeChrome()[pri:0, instance:automation.testsuite.Day16_Homework@57cf54e1]" started-at="2023-12-12T20:11:09 ICT" name="closeChrome" finished-at="2023-12-12T20:11:09 ICT" duration-ms="456" status="PASS">
          <reporter-output>
          </reporter-output>
        </test-method> <!-- closeChrome -->
      </class> <!-- automation.testsuite.Day16_Homework -->
    </test> <!-- Default test -->
  </suite> <!-- Default suite -->
</testng-results>
