<?xml version="1.0" encoding="UTF-8"?>
<testng-results ignored="1" total="2" passed="1" failed="0" skipped="0">
  <reporter-output>
  </reporter-output>
  <suite started-at="2023-12-17T01:09:29 ICT" name="Default suite" finished-at="2023-12-17T01:09:51 ICT" duration-ms="21456">
    <groups>
    </groups>
    <test started-at="2023-12-17T01:09:29 ICT" name="Default test" finished-at="2023-12-17T01:09:51 ICT" duration-ms="21456">
      <class name="automation.testsuite.Day17_Homework">
        <test-method is-config="true" signature="openChrome()[pri:0, instance:automation.testsuite.Day17_Homework@3ee37e5a]" started-at="2023-12-17T01:09:29 ICT" name="openChrome" finished-at="2023-12-17T01:09:34 ICT" duration-ms="4171" status="PASS">
          <reporter-output>
          </reporter-output>
        </test-method> <!-- openChrome -->
        <test-method signature="handleIFrame_MediaMart()[pri:0, instance:automation.testsuite.Day17_Homework@3ee37e5a]" started-at="2023-12-17T01:09:34 ICT" name="handleIFrame_MediaMart" finished-at="2023-12-17T01:09:51 ICT" duration-ms="17243" status="PASS">
          <reporter-output>
          </reporter-output>
        </test-method> <!-- handleIFrame_MediaMart -->
      </class> <!-- automation.testsuite.Day17_Homework -->
    </test> <!-- Default test -->
  </suite> <!-- Default suite -->
</testng-results>
